  [1m[35m (734.9ms)[0m  [1m[35mCREATE DATABASE "first_development" ENCODING = 'unicode'[0m
  ↳ bin/rails:9
  [1m[35m (149.4ms)[0m  [1m[35mCREATE DATABASE "first_test" ENCODING = 'unicode'[0m
  ↳ bin/rails:9
Started GET "/" for ::1 at 2021-04-22 07:44:03 -0700
Processing by Rails::WelcomeController#index as HTML
  Rendering /Users/brandon/.rbenv/versions/2.5.8/lib/ruby/gems/2.5.0/gems/railties-5.2.5/lib/rails/templates/rails/welcome/index.html.erb
  Rendered /Users/brandon/.rbenv/versions/2.5.8/lib/ruby/gems/2.5.0/gems/railties-5.2.5/lib/rails/templates/rails/welcome/index.html.erb (3.1ms)
Completed 200 OK in 20ms (Views: 11.5ms | ActiveRecord: 0.0ms)


Started GET "/users" for ::1 at 2021-04-22 07:46:43 -0700
  
AbstractController::ActionNotFound (The action 'index' could not be found for UsersController):
  
actionpack (5.2.5) lib/abstract_controller/base.rb:129:in `process'
actionview (5.2.5) lib/action_view/rendering.rb:32:in `process'
actionpack (5.2.5) lib/action_controller/metal.rb:191:in `dispatch'
actionpack (5.2.5) lib/action_controller/metal.rb:252:in `dispatch'
actionpack (5.2.5) lib/action_dispatch/routing/route_set.rb:52:in `dispatch'
actionpack (5.2.5) lib/action_dispatch/routing/route_set.rb:34:in `serve'
actionpack (5.2.5) lib/action_dispatch/journey/router.rb:52:in `block in serve'
actionpack (5.2.5) lib/action_dispatch/journey/router.rb:35:in `each'
actionpack (5.2.5) lib/action_dispatch/journey/router.rb:35:in `serve'
actionpack (5.2.5) lib/action_dispatch/routing/route_set.rb:840:in `call'
rack (2.2.3) lib/rack/tempfile_reaper.rb:15:in `call'
rack (2.2.3) lib/rack/etag.rb:27:in `call'
rack (2.2.3) lib/rack/conditional_get.rb:27:in `call'
rack (2.2.3) lib/rack/head.rb:12:in `call'
actionpack (5.2.5) lib/action_dispatch/http/content_security_policy.rb:18:in `call'
rack (2.2.3) lib/rack/session/abstract/id.rb:266:in `context'
rack (2.2.3) lib/rack/session/abstract/id.rb:260:in `call'
actionpack (5.2.5) lib/action_dispatch/middleware/cookies.rb:670:in `call'
activerecord (5.2.5) lib/active_record/migration.rb:559:in `call'
actionpack (5.2.5) lib/action_dispatch/middleware/callbacks.rb:28:in `block in call'
activesupport (5.2.5) lib/active_support/callbacks.rb:98:in `run_callbacks'
actionpack (5.2.5) lib/action_dispatch/middleware/callbacks.rb:26:in `call'
actionpack (5.2.5) lib/action_dispatch/middleware/executor.rb:14:in `call'
actionpack (5.2.5) lib/action_dispatch/middleware/debug_exceptions.rb:61:in `call'
web-console (3.7.0) lib/web_console/middleware.rb:135:in `call_app'
web-console (3.7.0) lib/web_console/middleware.rb:30:in `block in call'
web-console (3.7.0) lib/web_console/middleware.rb:20:in `catch'
web-console (3.7.0) lib/web_console/middleware.rb:20:in `call'
actionpack (5.2.5) lib/action_dispatch/middleware/show_exceptions.rb:33:in `call'
railties (5.2.5) lib/rails/rack/logger.rb:38:in `call_app'
railties (5.2.5) lib/rails/rack/logger.rb:26:in `block in call'
activesupport (5.2.5) lib/active_support/tagged_logging.rb:71:in `block in tagged'
activesupport (5.2.5) lib/active_support/tagged_logging.rb:28:in `tagged'
activesupport (5.2.5) lib/active_support/tagged_logging.rb:71:in `tagged'
railties (5.2.5) lib/rails/rack/logger.rb:26:in `call'
sprockets-rails (3.2.2) lib/sprockets/rails/quiet_assets.rb:13:in `call'
actionpack (5.2.5) lib/action_dispatch/middleware/remote_ip.rb:81:in `call'
actionpack (5.2.5) lib/action_dispatch/middleware/request_id.rb:27:in `call'
rack (2.2.3) lib/rack/method_override.rb:24:in `call'
rack (2.2.3) lib/rack/runtime.rb:22:in `call'
activesupport (5.2.5) lib/active_support/cache/strategy/local_cache_middleware.rb:29:in `call'
actionpack (5.2.5) lib/action_dispatch/middleware/executor.rb:14:in `call'
actionpack (5.2.5) lib/action_dispatch/middleware/static.rb:127:in `call'
rack (2.2.3) lib/rack/sendfile.rb:110:in `call'
railties (5.2.5) lib/rails/engine.rb:524:in `call'
puma (3.12.6) lib/puma/configuration.rb:227:in `call'
puma (3.12.6) lib/puma/server.rb:706:in `handle_request'
puma (3.12.6) lib/puma/server.rb:476:in `process_client'
puma (3.12.6) lib/puma/server.rb:334:in `block in run'
puma (3.12.6) lib/puma/thread_pool.rb:135:in `block in spawn_thread'
Started GET "/users" for ::1 at 2021-04-22 07:48:27 -0700
Processing by UsersController#index as */*
No template found for UsersController#index, rendering head :no_content
Completed 204 No Content in 237ms (ActiveRecord: 0.0ms)


Started GET "/users" for ::1 at 2021-04-22 07:49:11 -0700
Processing by UsersController#index as */*
  Rendering text template
  Rendered text template (0.0ms)
Completed 200 OK in 3ms (Views: 2.3ms | ActiveRecord: 0.0ms)


Started GET "/users?fav_food=pizza" for ::1 at 2021-04-22 08:06:11 -0700
Processing by UsersController#index as */*
  Parameters: {"fav_food"=>"pizza"}
  Rendering text template
  Rendered text template (0.0ms)
Completed 200 OK in 5ms (Views: 2.8ms | ActiveRecord: 0.0ms)


Started GET "/users?fav_food=pizza?admin=true" for ::1 at 2021-04-22 08:06:42 -0700
Processing by UsersController#index as */*
  Parameters: {"fav_food"=>"pizza?admin=true"}
  Rendering text template
  Rendered text template (0.0ms)
Completed 200 OK in 1ms (Views: 0.6ms | ActiveRecord: 0.0ms)


Started GET "/users?fav_food=pizza" for ::1 at 2021-04-22 08:07:01 -0700
Processing by UsersController#index as */*
  Parameters: {"fav_food"=>"pizza"}
  Rendering text template
  Rendered text template (0.0ms)
Completed 200 OK in 1ms (Views: 0.5ms | ActiveRecord: 0.0ms)


Started POST "/users?fav_food=pizza" for ::1 at 2021-04-22 08:07:16 -0700
  
AbstractController::ActionNotFound (The action 'create' could not be found for UsersController):
  
actionpack (5.2.5) lib/abstract_controller/base.rb:129:in `process'
actionview (5.2.5) lib/action_view/rendering.rb:32:in `process'
actionpack (5.2.5) lib/action_controller/metal.rb:191:in `dispatch'
actionpack (5.2.5) lib/action_controller/metal.rb:252:in `dispatch'
actionpack (5.2.5) lib/action_dispatch/routing/route_set.rb:52:in `dispatch'
actionpack (5.2.5) lib/action_dispatch/routing/route_set.rb:34:in `serve'
actionpack (5.2.5) lib/action_dispatch/journey/router.rb:52:in `block in serve'
actionpack (5.2.5) lib/action_dispatch/journey/router.rb:35:in `each'
actionpack (5.2.5) lib/action_dispatch/journey/router.rb:35:in `serve'
actionpack (5.2.5) lib/action_dispatch/routing/route_set.rb:840:in `call'
rack (2.2.3) lib/rack/tempfile_reaper.rb:15:in `call'
rack (2.2.3) lib/rack/etag.rb:27:in `call'
rack (2.2.3) lib/rack/conditional_get.rb:40:in `call'
rack (2.2.3) lib/rack/head.rb:12:in `call'
actionpack (5.2.5) lib/action_dispatch/http/content_security_policy.rb:18:in `call'
rack (2.2.3) lib/rack/session/abstract/id.rb:266:in `context'
rack (2.2.3) lib/rack/session/abstract/id.rb:260:in `call'
actionpack (5.2.5) lib/action_dispatch/middleware/cookies.rb:670:in `call'
activerecord (5.2.5) lib/active_record/migration.rb:559:in `call'
actionpack (5.2.5) lib/action_dispatch/middleware/callbacks.rb:28:in `block in call'
activesupport (5.2.5) lib/active_support/callbacks.rb:98:in `run_callbacks'
actionpack (5.2.5) lib/action_dispatch/middleware/callbacks.rb:26:in `call'
actionpack (5.2.5) lib/action_dispatch/middleware/executor.rb:14:in `call'
actionpack (5.2.5) lib/action_dispatch/middleware/debug_exceptions.rb:61:in `call'
web-console (3.7.0) lib/web_console/middleware.rb:135:in `call_app'
web-console (3.7.0) lib/web_console/middleware.rb:30:in `block in call'
web-console (3.7.0) lib/web_console/middleware.rb:20:in `catch'
web-console (3.7.0) lib/web_console/middleware.rb:20:in `call'
actionpack (5.2.5) lib/action_dispatch/middleware/show_exceptions.rb:33:in `call'
railties (5.2.5) lib/rails/rack/logger.rb:38:in `call_app'
railties (5.2.5) lib/rails/rack/logger.rb:26:in `block in call'
activesupport (5.2.5) lib/active_support/tagged_logging.rb:71:in `block in tagged'
activesupport (5.2.5) lib/active_support/tagged_logging.rb:28:in `tagged'
activesupport (5.2.5) lib/active_support/tagged_logging.rb:71:in `tagged'
railties (5.2.5) lib/rails/rack/logger.rb:26:in `call'
sprockets-rails (3.2.2) lib/sprockets/rails/quiet_assets.rb:13:in `call'
actionpack (5.2.5) lib/action_dispatch/middleware/remote_ip.rb:81:in `call'
actionpack (5.2.5) lib/action_dispatch/middleware/request_id.rb:27:in `call'
rack (2.2.3) lib/rack/method_override.rb:24:in `call'
rack (2.2.3) lib/rack/runtime.rb:22:in `call'
activesupport (5.2.5) lib/active_support/cache/strategy/local_cache_middleware.rb:29:in `call'
actionpack (5.2.5) lib/action_dispatch/middleware/executor.rb:14:in `call'
actionpack (5.2.5) lib/action_dispatch/middleware/static.rb:127:in `call'
rack (2.2.3) lib/rack/sendfile.rb:110:in `call'
railties (5.2.5) lib/rails/engine.rb:524:in `call'
puma (3.12.6) lib/puma/configuration.rb:227:in `call'
puma (3.12.6) lib/puma/server.rb:706:in `handle_request'
puma (3.12.6) lib/puma/server.rb:476:in `process_client'
puma (3.12.6) lib/puma/server.rb:334:in `block in run'
puma (3.12.6) lib/puma/thread_pool.rb:135:in `block in spawn_thread'
Started POST "/users?fav_food=pizza" for ::1 at 2021-04-22 08:07:53 -0700
  
AbstractController::ActionNotFound (The action 'create' could not be found for UsersController):
  
actionpack (5.2.5) lib/abstract_controller/base.rb:129:in `process'
actionview (5.2.5) lib/action_view/rendering.rb:32:in `process'
actionpack (5.2.5) lib/action_controller/metal.rb:191:in `dispatch'
actionpack (5.2.5) lib/action_controller/metal.rb:252:in `dispatch'
actionpack (5.2.5) lib/action_dispatch/routing/route_set.rb:52:in `dispatch'
actionpack (5.2.5) lib/action_dispatch/routing/route_set.rb:34:in `serve'
actionpack (5.2.5) lib/action_dispatch/journey/router.rb:52:in `block in serve'
actionpack (5.2.5) lib/action_dispatch/journey/router.rb:35:in `each'
actionpack (5.2.5) lib/action_dispatch/journey/router.rb:35:in `serve'
actionpack (5.2.5) lib/action_dispatch/routing/route_set.rb:840:in `call'
rack (2.2.3) lib/rack/tempfile_reaper.rb:15:in `call'
rack (2.2.3) lib/rack/etag.rb:27:in `call'
rack (2.2.3) lib/rack/conditional_get.rb:40:in `call'
rack (2.2.3) lib/rack/head.rb:12:in `call'
actionpack (5.2.5) lib/action_dispatch/http/content_security_policy.rb:18:in `call'
rack (2.2.3) lib/rack/session/abstract/id.rb:266:in `context'
rack (2.2.3) lib/rack/session/abstract/id.rb:260:in `call'
actionpack (5.2.5) lib/action_dispatch/middleware/cookies.rb:670:in `call'
activerecord (5.2.5) lib/active_record/migration.rb:559:in `call'
actionpack (5.2.5) lib/action_dispatch/middleware/callbacks.rb:28:in `block in call'
activesupport (5.2.5) lib/active_support/callbacks.rb:98:in `run_callbacks'
actionpack (5.2.5) lib/action_dispatch/middleware/callbacks.rb:26:in `call'
actionpack (5.2.5) lib/action_dispatch/middleware/executor.rb:14:in `call'
actionpack (5.2.5) lib/action_dispatch/middleware/debug_exceptions.rb:61:in `call'
web-console (3.7.0) lib/web_console/middleware.rb:135:in `call_app'
web-console (3.7.0) lib/web_console/middleware.rb:30:in `block in call'
web-console (3.7.0) lib/web_console/middleware.rb:20:in `catch'
web-console (3.7.0) lib/web_console/middleware.rb:20:in `call'
actionpack (5.2.5) lib/action_dispatch/middleware/show_exceptions.rb:33:in `call'
railties (5.2.5) lib/rails/rack/logger.rb:38:in `call_app'
railties (5.2.5) lib/rails/rack/logger.rb:26:in `block in call'
activesupport (5.2.5) lib/active_support/tagged_logging.rb:71:in `block in tagged'
activesupport (5.2.5) lib/active_support/tagged_logging.rb:28:in `tagged'
activesupport (5.2.5) lib/active_support/tagged_logging.rb:71:in `tagged'
railties (5.2.5) lib/rails/rack/logger.rb:26:in `call'
sprockets-rails (3.2.2) lib/sprockets/rails/quiet_assets.rb:13:in `call'
actionpack (5.2.5) lib/action_dispatch/middleware/remote_ip.rb:81:in `call'
actionpack (5.2.5) lib/action_dispatch/middleware/request_id.rb:27:in `call'
rack (2.2.3) lib/rack/method_override.rb:24:in `call'
rack (2.2.3) lib/rack/runtime.rb:22:in `call'
activesupport (5.2.5) lib/active_support/cache/strategy/local_cache_middleware.rb:29:in `call'
actionpack (5.2.5) lib/action_dispatch/middleware/executor.rb:14:in `call'
actionpack (5.2.5) lib/action_dispatch/middleware/static.rb:127:in `call'
rack (2.2.3) lib/rack/sendfile.rb:110:in `call'
railties (5.2.5) lib/rails/engine.rb:524:in `call'
puma (3.12.6) lib/puma/configuration.rb:227:in `call'
puma (3.12.6) lib/puma/server.rb:706:in `handle_request'
puma (3.12.6) lib/puma/server.rb:476:in `process_client'
puma (3.12.6) lib/puma/server.rb:334:in `block in run'
puma (3.12.6) lib/puma/thread_pool.rb:135:in `block in spawn_thread'
Started POST "/users?fav_food=pizza" for ::1 at 2021-04-22 08:09:09 -0700
Processing by UsersController#create as */*
  Parameters: {"fav_food"=>"pizza"}
Completed 200 OK in 3ms (Views: 2.0ms | ActiveRecord: 0.0ms)


Started GET "/users/1" for ::1 at 2021-04-22 08:11:30 -0700
  
AbstractController::ActionNotFound (The action 'show' could not be found for UsersController):
  
actionpack (5.2.5) lib/abstract_controller/base.rb:129:in `process'
actionview (5.2.5) lib/action_view/rendering.rb:32:in `process'
actionpack (5.2.5) lib/action_controller/metal.rb:191:in `dispatch'
actionpack (5.2.5) lib/action_controller/metal.rb:252:in `dispatch'
actionpack (5.2.5) lib/action_dispatch/routing/route_set.rb:52:in `dispatch'
actionpack (5.2.5) lib/action_dispatch/routing/route_set.rb:34:in `serve'
actionpack (5.2.5) lib/action_dispatch/journey/router.rb:52:in `block in serve'
actionpack (5.2.5) lib/action_dispatch/journey/router.rb:35:in `each'
actionpack (5.2.5) lib/action_dispatch/journey/router.rb:35:in `serve'
actionpack (5.2.5) lib/action_dispatch/routing/route_set.rb:840:in `call'
rack (2.2.3) lib/rack/tempfile_reaper.rb:15:in `call'
rack (2.2.3) lib/rack/etag.rb:27:in `call'
rack (2.2.3) lib/rack/conditional_get.rb:27:in `call'
rack (2.2.3) lib/rack/head.rb:12:in `call'
actionpack (5.2.5) lib/action_dispatch/http/content_security_policy.rb:18:in `call'
rack (2.2.3) lib/rack/session/abstract/id.rb:266:in `context'
rack (2.2.3) lib/rack/session/abstract/id.rb:260:in `call'
actionpack (5.2.5) lib/action_dispatch/middleware/cookies.rb:670:in `call'
activerecord (5.2.5) lib/active_record/migration.rb:559:in `call'
actionpack (5.2.5) lib/action_dispatch/middleware/callbacks.rb:28:in `block in call'
activesupport (5.2.5) lib/active_support/callbacks.rb:98:in `run_callbacks'
actionpack (5.2.5) lib/action_dispatch/middleware/callbacks.rb:26:in `call'
actionpack (5.2.5) lib/action_dispatch/middleware/executor.rb:14:in `call'
actionpack (5.2.5) lib/action_dispatch/middleware/debug_exceptions.rb:61:in `call'
web-console (3.7.0) lib/web_console/middleware.rb:135:in `call_app'
web-console (3.7.0) lib/web_console/middleware.rb:30:in `block in call'
web-console (3.7.0) lib/web_console/middleware.rb:20:in `catch'
web-console (3.7.0) lib/web_console/middleware.rb:20:in `call'
actionpack (5.2.5) lib/action_dispatch/middleware/show_exceptions.rb:33:in `call'
railties (5.2.5) lib/rails/rack/logger.rb:38:in `call_app'
railties (5.2.5) lib/rails/rack/logger.rb:26:in `block in call'
activesupport (5.2.5) lib/active_support/tagged_logging.rb:71:in `block in tagged'
activesupport (5.2.5) lib/active_support/tagged_logging.rb:28:in `tagged'
activesupport (5.2.5) lib/active_support/tagged_logging.rb:71:in `tagged'
railties (5.2.5) lib/rails/rack/logger.rb:26:in `call'
sprockets-rails (3.2.2) lib/sprockets/rails/quiet_assets.rb:13:in `call'
actionpack (5.2.5) lib/action_dispatch/middleware/remote_ip.rb:81:in `call'
actionpack (5.2.5) lib/action_dispatch/middleware/request_id.rb:27:in `call'
rack (2.2.3) lib/rack/method_override.rb:24:in `call'
rack (2.2.3) lib/rack/runtime.rb:22:in `call'
activesupport (5.2.5) lib/active_support/cache/strategy/local_cache_middleware.rb:29:in `call'
actionpack (5.2.5) lib/action_dispatch/middleware/executor.rb:14:in `call'
actionpack (5.2.5) lib/action_dispatch/middleware/static.rb:127:in `call'
rack (2.2.3) lib/rack/sendfile.rb:110:in `call'
railties (5.2.5) lib/rails/engine.rb:524:in `call'
puma (3.12.6) lib/puma/configuration.rb:227:in `call'
puma (3.12.6) lib/puma/server.rb:706:in `handle_request'
puma (3.12.6) lib/puma/server.rb:476:in `process_client'
puma (3.12.6) lib/puma/server.rb:334:in `block in run'
puma (3.12.6) lib/puma/thread_pool.rb:135:in `block in spawn_thread'
Started GET "/users/1" for ::1 at 2021-04-22 08:11:50 -0700
Processing by UsersController#show as */*
  Parameters: {"id"=>"1"}
Completed 200 OK in 1ms (Views: 0.3ms | ActiveRecord: 0.0ms)


Started POST "/users/1" for ::1 at 2021-04-22 08:14:17 -0700
  
ActionController::RoutingError (No route matches [POST] "/users/1"):
  
actionpack (5.2.5) lib/action_dispatch/middleware/debug_exceptions.rb:65:in `call'
web-console (3.7.0) lib/web_console/middleware.rb:135:in `call_app'
web-console (3.7.0) lib/web_console/middleware.rb:30:in `block in call'
web-console (3.7.0) lib/web_console/middleware.rb:20:in `catch'
web-console (3.7.0) lib/web_console/middleware.rb:20:in `call'
actionpack (5.2.5) lib/action_dispatch/middleware/show_exceptions.rb:33:in `call'
railties (5.2.5) lib/rails/rack/logger.rb:38:in `call_app'
railties (5.2.5) lib/rails/rack/logger.rb:26:in `block in call'
activesupport (5.2.5) lib/active_support/tagged_logging.rb:71:in `block in tagged'
activesupport (5.2.5) lib/active_support/tagged_logging.rb:28:in `tagged'
activesupport (5.2.5) lib/active_support/tagged_logging.rb:71:in `tagged'
railties (5.2.5) lib/rails/rack/logger.rb:26:in `call'
sprockets-rails (3.2.2) lib/sprockets/rails/quiet_assets.rb:13:in `call'
actionpack (5.2.5) lib/action_dispatch/middleware/remote_ip.rb:81:in `call'
actionpack (5.2.5) lib/action_dispatch/middleware/request_id.rb:27:in `call'
rack (2.2.3) lib/rack/method_override.rb:24:in `call'
rack (2.2.3) lib/rack/runtime.rb:22:in `call'
activesupport (5.2.5) lib/active_support/cache/strategy/local_cache_middleware.rb:29:in `call'
actionpack (5.2.5) lib/action_dispatch/middleware/executor.rb:14:in `call'
actionpack (5.2.5) lib/action_dispatch/middleware/static.rb:127:in `call'
rack (2.2.3) lib/rack/sendfile.rb:110:in `call'
railties (5.2.5) lib/rails/engine.rb:524:in `call'
puma (3.12.6) lib/puma/configuration.rb:227:in `call'
puma (3.12.6) lib/puma/server.rb:706:in `handle_request'
puma (3.12.6) lib/puma/server.rb:476:in `process_client'
puma (3.12.6) lib/puma/server.rb:334:in `block in run'
puma (3.12.6) lib/puma/thread_pool.rb:135:in `block in spawn_thread'
Started POST "/users" for ::1 at 2021-04-22 08:14:21 -0700
Processing by UsersController#create as */*
  Parameters: {"order"=>"23", "address"=>{"road"=>"2501 Windsor St", "city"=>"Rowland Heights", "zip"=>"91748"}}
Completed 200 OK in 1ms (Views: 0.5ms | ActiveRecord: 0.0ms)


  [1m[35m (50.3ms)[0m  [1m[35mCREATE TABLE "schema_migrations" ("version" character varying NOT NULL PRIMARY KEY)[0m
  ↳ bin/rails:9
  [1m[35m (45.1ms)[0m  [1m[35mCREATE TABLE "ar_internal_metadata" ("key" character varying NOT NULL PRIMARY KEY, "value" character varying, "created_at" timestamp NOT NULL, "updated_at" timestamp NOT NULL)[0m
  ↳ bin/rails:9
  [1m[35m (1.4ms)[0m  [1m[34mSELECT pg_try_advisory_lock(3243164389206928200)[0m
  ↳ bin/rails:9
  [1m[35m (0.8ms)[0m  [1m[34mSELECT "schema_migrations"."version" FROM "schema_migrations" ORDER BY "schema_migrations"."version" ASC[0m
  ↳ bin/rails:9
Migrating to AddUserNameAndEmail (20210422153240)
  [1m[35m (24.5ms)[0m  [1m[35mBEGIN[0m
  ↳ bin/rails:9
  [1m[35m (39.8ms)[0m  [1m[35mCREATE TABLE "users" ("id" bigserial primary key, "name" character varying NOT NULL, "email" character varying NOT NULL)[0m
  ↳ db/migrate/20210422153240_add_user_name_and_email.rb:3
  [1m[36mActiveRecord::SchemaMigration Create (4.4ms)[0m  [1m[32mINSERT INTO "schema_migrations" ("version") VALUES ($1) RETURNING "version"[0m  [["version", "20210422153240"]]
  ↳ bin/rails:9
  [1m[35m (0.8ms)[0m  [1m[35mCOMMIT[0m
  ↳ bin/rails:9
  [1m[36mActiveRecord::InternalMetadata Load (0.6ms)[0m  [1m[34mSELECT  "ar_internal_metadata".* FROM "ar_internal_metadata" WHERE "ar_internal_metadata"."key" = $1 LIMIT $2[0m  [["key", "environment"], ["LIMIT", 1]]
  ↳ bin/rails:9
  [1m[35m (0.2ms)[0m  [1m[35mBEGIN[0m
  ↳ bin/rails:9
  [1m[36mActiveRecord::InternalMetadata Create (1.1ms)[0m  [1m[32mINSERT INTO "ar_internal_metadata" ("key", "value", "created_at", "updated_at") VALUES ($1, $2, $3, $4) RETURNING "key"[0m  [["key", "environment"], ["value", "development"], ["created_at", "2021-04-22 15:33:58.808832"], ["updated_at", "2021-04-22 15:33:58.808832"]]
  ↳ bin/rails:9
  [1m[35m (0.3ms)[0m  [1m[35mCOMMIT[0m
  ↳ bin/rails:9
  [1m[35m (0.3ms)[0m  [1m[34mSELECT pg_advisory_unlock(3243164389206928200)[0m
  ↳ bin/rails:9
  [1m[35m (0.3ms)[0m  [1m[34mSELECT "schema_migrations"."version" FROM "schema_migrations" ORDER BY "schema_migrations"."version" ASC[0m
  ↳ bin/rails:9
  [1m[35m (14.2ms)[0m  [1m[35mBEGIN[0m
  [1m[36mUser Create (52.4ms)[0m  [1m[32mINSERT INTO "users" ("name", "email") VALUES ($1, $2) RETURNING "id"[0m  [["name", "John"], ["email", "john@gmail.com"]]
  [1m[35m (41.0ms)[0m  [1m[35mCOMMIT[0m
  [1m[36mUser Load (0.6ms)[0m  [1m[34mSELECT "users".* FROM "users"[0m
  [1m[35m (0.7ms)[0m  [1m[35mBEGIN[0m
  [1m[36mUser Create (1.0ms)[0m  [1m[32mINSERT INTO "users" ("name", "email") VALUES ($1, $2) RETURNING "id"[0m  [["name", "Ashley"], ["email", "ashley@gmail.com"]]
  [1m[35m (43.4ms)[0m  [1m[35mCOMMIT[0m
  [1m[35m (0.2ms)[0m  [1m[35mBEGIN[0m
  [1m[36mUser Create (1.1ms)[0m  [1m[32mINSERT INTO "users" ("name", "email") VALUES ($1, $2) RETURNING "id"[0m  [["name", "George"], ["email", "george@gmail.com"]]
  [1m[35m (53.4ms)[0m  [1m[35mCOMMIT[0m
  [1m[35m (0.2ms)[0m  [1m[35mBEGIN[0m
  [1m[36mUser Create (1.0ms)[0m  [1m[32mINSERT INTO "users" ("name", "email") VALUES ($1, $2) RETURNING "id"[0m  [["name", "Emma"], ["email", "emma@gmail.com"]]
  [1m[35m (41.3ms)[0m  [1m[35mCOMMIT[0m
  [1m[36mUser Load (5.2ms)[0m  [1m[34mSELECT "users".* FROM "users"[0m
Started GET "/users" for ::1 at 2021-04-22 08:51:03 -0700
  [1m[35m (1.1ms)[0m  [1m[34mSELECT "schema_migrations"."version" FROM "schema_migrations" ORDER BY "schema_migrations"."version" ASC[0m
  ↳ /Users/brandon/.rbenv/versions/2.5.8/lib/ruby/gems/2.5.0/gems/activerecord-5.2.5/lib/active_record/log_subscriber.rb:98
  
SyntaxError (/Users/brandon/Desktop/aa-classwork/w6d3/first/app/controllers/users_controller.rb:5: syntax error, unexpected keyword_end
    end
    ^~~
/Users/brandon/Desktop/aa-classwork/w6d3/first/app/controllers/users_controller.rb:14: syntax error, unexpected end-of-input, expecting keyword_end):
  
app/controllers/users_controller.rb:5: syntax error, unexpected keyword_end
app/controllers/users_controller.rb:14: syntax error, unexpected end-of-input, expecting keyword_end
Started GET "/users" for ::1 at 2021-04-22 08:52:01 -0700
Processing by UsersController#index as */*
  Parameters: {"address"=>{"city"=>"Rowland Heights", "zip"=>"91748"}}
  [1m[36mUser Load (3.2ms)[0m  [1m[34mSELECT "users".* FROM "users"[0m
  ↳ app/controllers/users_controller.rb:5
Completed 200 OK in 172ms (Views: 6.4ms | ActiveRecord: 161.0ms)


Started POST "/users" for ::1 at 2021-04-22 09:14:06 -0700
  
SyntaxError (/Users/brandon/Desktop/aa-classwork/w6d3/first/app/controllers/users_controller.rb:28: syntax error, unexpected ')', expecting keyword_end
....permit(:user_attributes_here))
...                              ^):
  
app/controllers/users_controller.rb:28: syntax error, unexpected ')', expecting keyword_end
Started POST "/users" for ::1 at 2021-04-22 09:14:37 -0700
Processing by UsersController#create as */*
  Parameters: {"address"=>{"city"=>"Rowland Heights", "zip"=>"91748"}}
Completed 400 Bad Request in 11ms (ActiveRecord: 0.0ms)


  
ActionController::ParameterMissing (param is missing or the value is empty: user):
  
app/controllers/users_controller.rb:28:in `user_params'
app/controllers/users_controller.rb:17:in `create'
Started GET "/users" for ::1 at 2021-04-22 09:15:14 -0700
Processing by UsersController#index as */*
  Parameters: {"address"=>{"city"=>"Rowland Heights", "zip"=>"91748"}}
  [1m[36mUser Load (42.5ms)[0m  [1m[34mSELECT "users".* FROM "users"[0m
  ↳ app/controllers/users_controller.rb:5
Completed 200 OK in 122ms (Views: 15.3ms | ActiveRecord: 104.0ms)


Started POST "/users?name=Jess&email=jess@gmail.com" for ::1 at 2021-04-22 09:16:10 -0700
Processing by UsersController#create as */*
  Parameters: {"address"=>{"city"=>"Rowland Heights", "zip"=>"91748"}, "name"=>"Jess", "email"=>"jess@gmail.com"}
Completed 400 Bad Request in 16ms (ActiveRecord: 0.0ms)


  
ActionController::ParameterMissing (param is missing or the value is empty: user):
  
app/controllers/users_controller.rb:28:in `user_params'
app/controllers/users_controller.rb:17:in `create'
Started POST "/users?name=Jess&email=jess@gmail.com" for ::1 at 2021-04-22 09:23:32 -0700
Processing by UsersController#create as */*
  Parameters: {"address"=>{"city"=>"Rowland Heights", "zip"=>"91748"}, "name"=>"Jess", "email"=>"jess@gmail.com"}
Completed 400 Bad Request in 11ms (ActiveRecord: 0.0ms)


  
ActionController::ParameterMissing (param is missing or the value is empty: user):
  
app/controllers/users_controller.rb:28:in `user_params'
app/controllers/users_controller.rb:17:in `create'
Started POST "/users?name=Jess&email=jess@gmail.com" for ::1 at 2021-04-22 09:25:51 -0700
Processing by UsersController#create as */*
  Parameters: {"address"=>{"city"=>"Rowland Heights", "zip"=>"91748"}, "name"=>"Jess", "email"=>"jess@gmail.com"}
Completed 400 Bad Request in 12ms (ActiveRecord: 0.0ms)


  
ActionController::ParameterMissing (param is missing or the value is empty: user):
  
app/controllers/users_controller.rb:28:in `user_params'
app/controllers/users_controller.rb:17:in `create'
Started GET "/users" for ::1 at 2021-04-22 09:26:26 -0700
Processing by UsersController#index as */*
  Parameters: {"address"=>{"city"=>"Rowland Heights", "zip"=>"91748"}}
  [1m[36mUser Load (13.0ms)[0m  [1m[34mSELECT "users".* FROM "users"[0m
  ↳ app/controllers/users_controller.rb:5
Completed 200 OK in 47ms (Views: 7.5ms | ActiveRecord: 38.7ms)


Started POST "/users?%22name%22=%22Jess%22&%22email%22=%22jess@gmail.com%22" for ::1 at 2021-04-22 09:26:59 -0700
Processing by UsersController#create as */*
  Parameters: {"address"=>{"city"=>"Rowland Heights", "zip"=>"91748"}, "\"name\""=>"\"Jess\"", "\"email\""=>"\"jess@gmail.com\""}
Completed 400 Bad Request in 1ms (ActiveRecord: 0.0ms)


  
ActionController::ParameterMissing (param is missing or the value is empty: user):
  
app/controllers/users_controller.rb:28:in `user_params'
app/controllers/users_controller.rb:17:in `create'
Started POST "/users?name=Jess&email=jess@gmail.com" for ::1 at 2021-04-22 09:28:47 -0700
Processing by UsersController#create as */*
  Parameters: {"address"=>{"city"=>"Rowland Heights", "zip"=>"91748"}, "name"=>"Jess", "email"=>"jess@gmail.com"}
Completed 400 Bad Request in 5ms (ActiveRecord: 0.0ms)


  
ActionController::ParameterMissing (param is missing or the value is empty: user):
  
app/controllers/users_controller.rb:25:in `user_params'
app/controllers/users_controller.rb:13:in `create'
Started POST "/users?name=Jess&email=jess@gmail.com" for ::1 at 2021-04-22 09:29:31 -0700
Processing by UsersController#create as */*
  Parameters: {"address"=>{"city"=>"Rowland Heights", "zip"=>"91748"}, "name"=>"Jess", "email"=>"jess@gmail.com"}
Completed 400 Bad Request in 6ms (ActiveRecord: 0.0ms)


  
ActionController::ParameterMissing (param is missing or the value is empty: user):
  
app/controllers/users_controller.rb:26:in `user_params'
app/controllers/users_controller.rb:14:in `create'
Started POST "/users?user[name]=Jess&user[email]=jess@gmail.com" for ::1 at 2021-04-22 09:30:18 -0700
Processing by UsersController#create as */*
  Parameters: {"address"=>{"city"=>"Rowland Heights", "zip"=>"91748"}, "user"=>{"name"=>"Jess", "email"=>"jess@gmail.com"}}
  [1m[35m (0.2ms)[0m  [1m[35mBEGIN[0m
  ↳ app/controllers/users_controller.rb:15
  [1m[36mUser Create (42.3ms)[0m  [1m[32mINSERT INTO "users" ("name", "email") VALUES ($1, $2) RETURNING "id"[0m  [["name", "Jess"], ["email", "jess@gmail.com"]]
  ↳ app/controllers/users_controller.rb:15
  [1m[35m (43.8ms)[0m  [1m[35mCOMMIT[0m
  ↳ app/controllers/users_controller.rb:15
Completed 200 OK in 126ms (Views: 0.9ms | ActiveRecord: 106.6ms)


Started POST "/users?user[name]=Jess&user[email]=jess@gmail.com" for ::1 at 2021-04-22 09:30:43 -0700
Processing by UsersController#create as */*
  Parameters: {"address"=>{"city"=>"Rowland Heights", "zip"=>"91748"}, "user"=>{"name"=>"Jess", "email"=>"jess@gmail.com"}}
  [1m[35m (0.2ms)[0m  [1m[35mBEGIN[0m
  ↳ app/controllers/users_controller.rb:15
  [1m[36mUser Create (1.5ms)[0m  [1m[32mINSERT INTO "users" ("name", "email") VALUES ($1, $2) RETURNING "id"[0m  [["name", "Jess"], ["email", "jess@gmail.com"]]
  ↳ app/controllers/users_controller.rb:15
  [1m[35m (4.1ms)[0m  [1m[35mCOMMIT[0m
  ↳ app/controllers/users_controller.rb:15
Redirected to http://localhost:3000/users/6
Completed 302 Found in 40ms (ActiveRecord: 20.3ms)


Started GET "/users/6" for ::1 at 2021-04-22 09:30:43 -0700
Processing by UsersController#show as */*
  Parameters: {"id"=>"6"}
  [1m[36mUser Load (1.6ms)[0m  [1m[34mSELECT  "users".* FROM "users" WHERE "users"."id" = $1 LIMIT $2[0m  [["id", 6], ["LIMIT", 1]]
  ↳ app/controllers/users_controller.rb:9
Completed 200 OK in 78ms (Views: 0.7ms | ActiveRecord: 15.8ms)


Started DELETE "/users/6" for ::1 at 2021-04-22 09:33:37 -0700
Processing by UsersController#destroy as */*
  Parameters: {"address"=>{"city"=>"Rowland Heights", "zip"=>"91748"}, "id"=>"6"}
  [1m[36mUser Load (5.3ms)[0m  [1m[34mSELECT  "users".* FROM "users" WHERE "users"."id" = $1 LIMIT $2[0m  [["id", 6], ["LIMIT", 1]]
  ↳ app/controllers/users_controller.rb:34
  [1m[35m (4.6ms)[0m  [1m[35mBEGIN[0m
  ↳ app/controllers/users_controller.rb:35
  [1m[36mUser Destroy (3.3ms)[0m  [1m[31mDELETE FROM "users" WHERE "users"."id" = $1[0m  [["id", 6]]
  ↳ app/controllers/users_controller.rb:35
  [1m[35m (24.9ms)[0m  [1m[35mCOMMIT[0m
  ↳ app/controllers/users_controller.rb:35
Completed 200 OK in 182ms (Views: 3.9ms | ActiveRecord: 97.9ms)


Started GET "/users" for ::1 at 2021-04-22 09:33:47 -0700
Processing by UsersController#index as */*
  Parameters: {"address"=>{"city"=>"Rowland Heights", "zip"=>"91748"}}
  [1m[36mUser Load (7.0ms)[0m  [1m[34mSELECT "users".* FROM "users"[0m
  ↳ app/controllers/users_controller.rb:5
Completed 200 OK in 12ms (Views: 4.3ms | ActiveRecord: 7.0ms)


